[debug] [2020-11-20T12:22:26.110Z] ----------------------------------------------------------------------
[debug] [2020-11-20T12:22:26.113Z] Command:       C:\Program Files\nodejs\node.exe C:\Users\astri\AppData\Roaming\npm\node_modules\firebase-tools\lib\bin\firebase.js init
[debug] [2020-11-20T12:22:26.113Z] CLI Version:   8.16.2
[debug] [2020-11-20T12:22:26.113Z] Platform:      win32
[debug] [2020-11-20T12:22:26.113Z] Node Version:  v12.19.0
[debug] [2020-11-20T12:22:26.115Z] Time:          Fri Nov 20 2020 13:22:26 GMT+0100 (GMT+01:00)
[debug] [2020-11-20T12:22:26.115Z] ----------------------------------------------------------------------
[debug] [2020-11-20T12:22:26.115Z] 
[debug] [2020-11-20T12:22:26.117Z] >>> [apiv2][query] GET https://firebase-public.firebaseio.com/cli.json [none]
[debug] [2020-11-20T12:22:26.142Z] > command requires scopes: ["email","openid","https://www.googleapis.com/auth/cloudplatformprojects.readonly","https://www.googleapis.com/auth/firebase","https://www.googleapis.com/auth/cloud-platform"]
[debug] [2020-11-20T12:22:26.142Z] > authorizing via signed-in user
[info] 
     ######## #### ########  ######## ########     ###     ######  ########
     ##        ##  ##     ## ##       ##     ##  ##   ##  ##       ##
     ######    ##  ########  ######   ########  #########  ######  ######
     ##        ##  ##    ##  ##       ##     ## ##     ##       ## ##
     ##       #### ##     ## ######## ########  ##     ##  ######  ########

You're about to initialize a Firebase project in this directory:

  C:\Users\astri\PetWeb

[debug] [2020-11-20T12:22:26.956Z] <<< [apiv2][status] GET https://firebase-public.firebaseio.com/cli.json 200
[debug] [2020-11-20T12:22:26.956Z] <<< [apiv2][body] GET https://firebase-public.firebaseio.com/cli.json {"cloudBuildErrorAfter":1594252800000,"cloudBuildWarnAfter":1590019200000,"defaultNode10After":1594252800000,"minVersion":"3.0.5","node8DeploysDisabledAfter":1613390400000,"node8RuntimeDisabledAfter":1615809600000,"node8WarnAfter":1600128000000}
